-------------------------------------------------------------------------------
Test set: UserUnitTests.LoginParaUnitTest
-------------------------------------------------------------------------------
Tests run: 4, Failures: 1, Errors: 0, Skipped: 0, Time elapsed: 0.076 s <<< FAILURE! - in UserUnitTests.LoginParaUnitTest
UserUnitTests.LoginParaUnitTest.TestUserLogins(String)[4]  Time elapsed: 0.003 s  <<< FAILURE!
org.opentest4j.AssertionFailedError: expected: not <null>
	at UserUnitTests.LoginParaUnitTest.TestUserLogins(LoginParaUnitTest.java:23)

